build/app/intermediates/manifest_merge_blame_file/release/manifest-merger-blame-release-report.txt
1<?xml version="1.0" encoding="utf-8"?>
2<manifest xmlns:android="http://schemas.android.com/apk/res/android"
3    package="com.qilowatt.qilowatt"
4    android:versionCode="20"
5    android:versionName="2.0" >
6
7    <uses-sdk
8        android:minSdkVersion="23"
8-->src/main/AndroidManifest.xml
9        android:targetSdkVersion="34" />
9-->src/main/AndroidManifest.xml
10
11    <uses-permission android:name="android.permission.VIBRATE" />
11-->src/main/AndroidManifest.xml:2:5-66
11-->src/main/AndroidManifest.xml:2:22-63
12    <uses-permission android:name="android.permission.RECEIVE_BOOT_COMPLETED" />
12-->src/main/AndroidManifest.xml:3:5-81
12-->src/main/AndroidManifest.xml:3:22-78
13    <uses-permission android:name="android.permission.INTERNET" />
13-->src/main/AndroidManifest.xml:4:5-66
13-->src/main/AndroidManifest.xml:4:22-64
14    <uses-permission android:name="android.permission.BROADCAST_CLOSE_SYSTEM_DIALOGS" />
14-->[:awesome_notifications] AndroidManifest.xml:9:5-89
14-->[:awesome_notifications] AndroidManifest.xml:9:22-86
15    <uses-permission android:name="android.permission.ACCESS_NETWORK_STATE" />
15-->[:connectivity_plus] AndroidManifest.xml:9:5-79
15-->[:connectivity_plus] AndroidManifest.xml:9:22-76
16    <uses-permission android:name="android.permission.WAKE_LOCK" /> <!-- Permissions options for the `notification` group -->
16-->[:firebase_analytics] AndroidManifest.xml:11:5-68
16-->[:firebase_analytics] AndroidManifest.xml:11:22-65
17    <uses-permission android:name="android.permission.POST_NOTIFICATIONS" />
17-->[:firebase_messaging] AndroidManifest.xml:13:5-77
17-->[:firebase_messaging] AndroidManifest.xml:13:22-74
18
19    <queries>
19-->[:flutter_inappwebview_android] AndroidManifest.xml:9:5-13:15
20        <intent>
20-->[:flutter_inappwebview_android] AndroidManifest.xml:10:9-12:18
21            <action android:name="android.support.customtabs.action.CustomTabsService" />
21-->[:flutter_inappwebview_android] AndroidManifest.xml:11:13-90
21-->[:flutter_inappwebview_android] AndroidManifest.xml:11:21-87
22        </intent>
23    </queries>
24
25    <uses-permission android:name="com.google.android.gms.permission.AD_ID" />
25-->[com.google.android.gms:play-services-measurement-api:22.1.2] AndroidManifest.xml:25:5-79
25-->[com.google.android.gms:play-services-measurement-api:22.1.2] AndroidManifest.xml:25:22-76
26    <uses-permission android:name="android.permission.ACCESS_ADSERVICES_ATTRIBUTION" />
26-->[com.google.android.gms:play-services-measurement-api:22.1.2] AndroidManifest.xml:26:5-88
26-->[com.google.android.gms:play-services-measurement-api:22.1.2] AndroidManifest.xml:26:22-85
27    <uses-permission android:name="android.permission.ACCESS_ADSERVICES_AD_ID" /> <!-- Required by older versions of Google Play services to create IID tokens -->
27-->[com.google.android.gms:play-services-measurement-api:22.1.2] AndroidManifest.xml:27:5-82
27-->[com.google.android.gms:play-services-measurement-api:22.1.2] AndroidManifest.xml:27:22-79
28    <uses-permission android:name="com.google.android.c2dm.permission.RECEIVE" />
28-->[com.google.firebase:firebase-messaging:24.0.3] AndroidManifest.xml:26:5-82
28-->[com.google.firebase:firebase-messaging:24.0.3] AndroidManifest.xml:26:22-79
29    <uses-permission
29-->[me.carda:AndroidAwnCore:0.10.0] AndroidManifest.xml:9:5-12:47
30        android:name="android.permission.BIND_NOTIFICATION_LISTENER_SERVICE"
30-->[me.carda:AndroidAwnCore:0.10.0] AndroidManifest.xml:10:9-77
31        android:maxSdkVersion="22" />
31-->[me.carda:AndroidAwnCore:0.10.0] AndroidManifest.xml:11:9-35
32    <uses-permission android:name="com.google.android.finsky.permission.BIND_GET_INSTALL_REFERRER_SERVICE" />
32-->[com.google.android.gms:play-services-measurement:22.1.2] AndroidManifest.xml:26:5-110
32-->[com.google.android.gms:play-services-measurement:22.1.2] AndroidManifest.xml:26:22-107
33
34    <permission
34-->[androidx.core:core:1.13.1] AndroidManifest.xml:22:5-24:47
35        android:name="com.qilowatt.qilowatt.DYNAMIC_RECEIVER_NOT_EXPORTED_PERMISSION"
35-->[androidx.core:core:1.13.1] AndroidManifest.xml:23:9-81
36        android:protectionLevel="signature" />
36-->[androidx.core:core:1.13.1] AndroidManifest.xml:24:9-44
37
38    <uses-permission android:name="com.qilowatt.qilowatt.DYNAMIC_RECEIVER_NOT_EXPORTED_PERMISSION" /> <!-- for android -->
38-->[androidx.core:core:1.13.1] AndroidManifest.xml:26:5-97
38-->[androidx.core:core:1.13.1] AndroidManifest.xml:26:22-94
39    <!-- <uses-permission android:name="com.android.launcher.permission.READ_SETTINGS"/> -->
40    <!-- <uses-permission android:name="com.android.launcher.permission.WRITE_SETTINGS"/> -->
41    <!-- <uses-permission android:name="com.android.launcher.permission.INSTALL_SHORTCUT" /> -->
42    <!-- <uses-permission android:name="com.android.launcher.permission.UNINSTALL_SHORTCUT" /> -->
43    <!-- for Samsung -->
44    <uses-permission android:name="com.sec.android.provider.badge.permission.READ" />
44-->[me.leolin:ShortcutBadger:1.1.22] AndroidManifest.xml:19:5-86
44-->[me.leolin:ShortcutBadger:1.1.22] AndroidManifest.xml:19:22-83
45    <uses-permission android:name="com.sec.android.provider.badge.permission.WRITE" /> <!-- for htc -->
45-->[me.leolin:ShortcutBadger:1.1.22] AndroidManifest.xml:20:5-87
45-->[me.leolin:ShortcutBadger:1.1.22] AndroidManifest.xml:20:22-84
46    <uses-permission android:name="com.htc.launcher.permission.READ_SETTINGS" />
46-->[me.leolin:ShortcutBadger:1.1.22] AndroidManifest.xml:23:5-81
46-->[me.leolin:ShortcutBadger:1.1.22] AndroidManifest.xml:23:22-78
47    <uses-permission android:name="com.htc.launcher.permission.UPDATE_SHORTCUT" /> <!-- for sony -->
47-->[me.leolin:ShortcutBadger:1.1.22] AndroidManifest.xml:24:5-83
47-->[me.leolin:ShortcutBadger:1.1.22] AndroidManifest.xml:24:22-80
48    <uses-permission android:name="com.sonyericsson.home.permission.BROADCAST_BADGE" />
48-->[me.leolin:ShortcutBadger:1.1.22] AndroidManifest.xml:27:5-88
48-->[me.leolin:ShortcutBadger:1.1.22] AndroidManifest.xml:27:22-85
49    <uses-permission android:name="com.sonymobile.home.permission.PROVIDER_INSERT_BADGE" /> <!-- for apex -->
49-->[me.leolin:ShortcutBadger:1.1.22] AndroidManifest.xml:28:5-92
49-->[me.leolin:ShortcutBadger:1.1.22] AndroidManifest.xml:28:22-89
50    <uses-permission android:name="com.anddoes.launcher.permission.UPDATE_COUNT" /> <!-- for solid -->
50-->[me.leolin:ShortcutBadger:1.1.22] AndroidManifest.xml:31:5-84
50-->[me.leolin:ShortcutBadger:1.1.22] AndroidManifest.xml:31:22-81
51    <uses-permission android:name="com.majeur.launcher.permission.UPDATE_BADGE" /> <!-- for huawei -->
51-->[me.leolin:ShortcutBadger:1.1.22] AndroidManifest.xml:34:5-83
51-->[me.leolin:ShortcutBadger:1.1.22] AndroidManifest.xml:34:22-80
52    <uses-permission android:name="com.huawei.android.launcher.permission.CHANGE_BADGE" />
52-->[me.leolin:ShortcutBadger:1.1.22] AndroidManifest.xml:37:5-91
52-->[me.leolin:ShortcutBadger:1.1.22] AndroidManifest.xml:37:22-88
53    <uses-permission android:name="com.huawei.android.launcher.permission.READ_SETTINGS" />
53-->[me.leolin:ShortcutBadger:1.1.22] AndroidManifest.xml:38:5-92
53-->[me.leolin:ShortcutBadger:1.1.22] AndroidManifest.xml:38:22-89
54    <uses-permission android:name="com.huawei.android.launcher.permission.WRITE_SETTINGS" /> <!-- for ZUK -->
54-->[me.leolin:ShortcutBadger:1.1.22] AndroidManifest.xml:39:5-93
54-->[me.leolin:ShortcutBadger:1.1.22] AndroidManifest.xml:39:22-90
55    <uses-permission android:name="android.permission.READ_APP_BADGE" /> <!-- for OPPO -->
55-->[me.leolin:ShortcutBadger:1.1.22] AndroidManifest.xml:42:5-73
55-->[me.leolin:ShortcutBadger:1.1.22] AndroidManifest.xml:42:22-70
56    <uses-permission android:name="com.oppo.launcher.permission.READ_SETTINGS" />
56-->[me.leolin:ShortcutBadger:1.1.22] AndroidManifest.xml:45:5-82
56-->[me.leolin:ShortcutBadger:1.1.22] AndroidManifest.xml:45:22-79
57    <uses-permission android:name="com.oppo.launcher.permission.WRITE_SETTINGS" /> <!-- for EvMe -->
57-->[me.leolin:ShortcutBadger:1.1.22] AndroidManifest.xml:46:5-83
57-->[me.leolin:ShortcutBadger:1.1.22] AndroidManifest.xml:46:22-80
58    <uses-permission android:name="me.everything.badger.permission.BADGE_COUNT_READ" />
58-->[me.leolin:ShortcutBadger:1.1.22] AndroidManifest.xml:49:5-88
58-->[me.leolin:ShortcutBadger:1.1.22] AndroidManifest.xml:49:22-85
59    <uses-permission android:name="me.everything.badger.permission.BADGE_COUNT_WRITE" />
59-->[me.leolin:ShortcutBadger:1.1.22] AndroidManifest.xml:50:5-89
59-->[me.leolin:ShortcutBadger:1.1.22] AndroidManifest.xml:50:22-86
60
61    <application
62        android:name="android.app.Application"
62-->src/main/AndroidManifest.xml:7:9-42
63        android:appComponentFactory="androidx.core.app.CoreComponentFactory"
63-->[androidx.core:core:1.13.1] AndroidManifest.xml:28:18-86
64        android:extractNativeLibs="false"
65        android:icon="@mipmap/ic_launcher"
65-->src/main/AndroidManifest.xml:9:9-43
66        android:label="qilowatt"
66-->src/main/AndroidManifest.xml:6:9-33
67        android:usesCleartextTraffic="true" >
67-->src/main/AndroidManifest.xml:8:9-44
68        <activity
68-->src/main/AndroidManifest.xml:10:9-30:20
69            android:name="com.qilowatt.qilowatt.MainActivity"
69-->src/main/AndroidManifest.xml:11:13-41
70            android:configChanges="orientation|keyboardHidden|keyboard|screenSize|smallestScreenSize|locale|layoutDirection|fontScale|screenLayout|density|uiMode"
70-->src/main/AndroidManifest.xml:15:13-163
71            android:exported="true"
71-->src/main/AndroidManifest.xml:12:13-36
72            android:hardwareAccelerated="true"
72-->src/main/AndroidManifest.xml:16:13-47
73            android:launchMode="singleTop"
73-->src/main/AndroidManifest.xml:13:13-43
74            android:theme="@style/LaunchTheme"
74-->src/main/AndroidManifest.xml:14:13-47
75            android:windowSoftInputMode="adjustResize" >
75-->src/main/AndroidManifest.xml:17:13-55
76
77            <!--
78                 Specifies an Android theme to apply to this Activity as soon as
79                 the Android process has started. This theme is visible to the user
80                 while the Flutter UI initializes. After that, this theme continues
81                 to determine the Window background behind the Flutter UI.
82            -->
83            <meta-data
83-->src/main/AndroidManifest.xml:22:13-25:17
84                android:name="io.flutter.embedding.android.NormalTheme"
84-->src/main/AndroidManifest.xml:23:15-70
85                android:resource="@style/NormalTheme" />
85-->src/main/AndroidManifest.xml:24:15-52
86
87            <intent-filter>
87-->src/main/AndroidManifest.xml:26:13-29:29
88                <action android:name="android.intent.action.MAIN" />
88-->src/main/AndroidManifest.xml:27:17-68
88-->src/main/AndroidManifest.xml:27:25-66
89
90                <category android:name="android.intent.category.LAUNCHER" />
90-->src/main/AndroidManifest.xml:28:17-76
90-->src/main/AndroidManifest.xml:28:27-74
91            </intent-filter>
92        </activity>
93        <!--
94             Don't delete the meta-data below.
95             This is used by the Flutter tool to generate GeneratedPluginRegistrant.java
96        -->
97        <meta-data
97-->src/main/AndroidManifest.xml:33:9-35:33
98            android:name="flutterEmbedding"
98-->src/main/AndroidManifest.xml:34:13-44
99            android:value="2" />
99-->src/main/AndroidManifest.xml:35:13-30
100        <meta-data
100-->src/main/AndroidManifest.xml:36:9-38:56
101            android:name="com.google.firebase.messaging.default_notification_icon"
101-->src/main/AndroidManifest.xml:37:13-83
102            android:resource="@drawable/ic_launcher" />
102-->src/main/AndroidManifest.xml:38:13-53
103        <meta-data
103-->src/main/AndroidManifest.xml:40:9-41:54
104            android:name="com.google.firebase.messaging.default_notification_channel_id"
104-->src/main/AndroidManifest.xml:40:20-96
105            android:value="high_importance_channel" />
105-->src/main/AndroidManifest.xml:41:13-52
106
107        <receiver
107-->[:awesome_notifications] AndroidManifest.xml:12:9-14:39
108            android:name="me.carda.awesome_notifications.DartNotificationActionReceiver"
108-->[:awesome_notifications] AndroidManifest.xml:13:13-89
109            android:exported="true" />
109-->[:awesome_notifications] AndroidManifest.xml:14:13-36
110        <receiver
110-->[:awesome_notifications] AndroidManifest.xml:15:9-17:39
111            android:name="me.carda.awesome_notifications.DartDismissedNotificationReceiver"
111-->[:awesome_notifications] AndroidManifest.xml:16:13-92
112            android:exported="true" />
112-->[:awesome_notifications] AndroidManifest.xml:17:13-36
113        <receiver
113-->[:awesome_notifications] AndroidManifest.xml:18:9-20:39
114            android:name="me.carda.awesome_notifications.DartScheduledNotificationReceiver"
114-->[:awesome_notifications] AndroidManifest.xml:19:13-92
115            android:exported="true" />
115-->[:awesome_notifications] AndroidManifest.xml:20:13-36
116        <receiver
116-->[:awesome_notifications] AndroidManifest.xml:21:9-35:20
117            android:name="me.carda.awesome_notifications.DartRefreshSchedulesReceiver"
117-->[:awesome_notifications] AndroidManifest.xml:22:13-87
118            android:enabled="true"
118-->[:awesome_notifications] AndroidManifest.xml:23:13-35
119            android:exported="true" >
119-->[:awesome_notifications] AndroidManifest.xml:24:13-36
120            <intent-filter>
120-->[:awesome_notifications] AndroidManifest.xml:25:13-34:29
121                <category android:name="android.intent.category.DEFAULT" />
121-->[:awesome_notifications] AndroidManifest.xml:26:17-76
121-->[:awesome_notifications] AndroidManifest.xml:26:27-73
122
123                <action android:name="android.intent.action.BOOT_COMPLETED" />
123-->[:awesome_notifications] AndroidManifest.xml:28:17-79
123-->[:awesome_notifications] AndroidManifest.xml:28:25-76
124                <action android:name="android.intent.action.LOCKED_BOOT_COMPLETED" />
124-->[:awesome_notifications] AndroidManifest.xml:29:17-86
124-->[:awesome_notifications] AndroidManifest.xml:29:25-83
125                <action android:name="android.intent.action.MY_PACKAGE_REPLACED" />
125-->[:awesome_notifications] AndroidManifest.xml:30:17-84
125-->[:awesome_notifications] AndroidManifest.xml:30:25-81
126                <action android:name="android.intent.action.QUICKBOOT_POWERON" />
126-->[:awesome_notifications] AndroidManifest.xml:31:17-82
126-->[:awesome_notifications] AndroidManifest.xml:31:25-79
127                <action android:name="com.htc.intent.action.QUICKBOOT_POWERON" />
127-->[:awesome_notifications] AndroidManifest.xml:32:17-82
127-->[:awesome_notifications] AndroidManifest.xml:32:25-79
128                <action android:name="android.app.action.SCHEDULE_EXACT_ALARM_PERMISSION_STATE_CHANGED" />
128-->[:awesome_notifications] AndroidManifest.xml:33:17-107
128-->[:awesome_notifications] AndroidManifest.xml:33:25-104
129            </intent-filter>
130        </receiver>
131
132        <service
132-->[:awesome_notifications] AndroidManifest.xml:37:9-40:72
133            android:name="me.carda.awesome_notifications.DartBackgroundService"
133-->[:awesome_notifications] AndroidManifest.xml:38:13-80
134            android:exported="false"
134-->[:awesome_notifications] AndroidManifest.xml:39:13-37
135            android:permission="android.permission.BIND_JOB_SERVICE" />
135-->[:awesome_notifications] AndroidManifest.xml:40:13-69
136        <service
136-->[:awesome_notifications] AndroidManifest.xml:41:9-46:43
137            android:name="me.carda.awesome_notifications.core.services.ForegroundService"
137-->[:awesome_notifications] AndroidManifest.xml:42:13-90
138            android:enabled="true"
138-->[:awesome_notifications] AndroidManifest.xml:43:13-35
139            android:exported="false"
139-->[:awesome_notifications] AndroidManifest.xml:44:13-37
140            android:foregroundServiceType="phoneCall"
140-->[:awesome_notifications] AndroidManifest.xml:45:13-54
141            android:stopWithTask="true" />
141-->[:awesome_notifications] AndroidManifest.xml:46:13-40
142        <service
142-->[:cloud_firestore] AndroidManifest.xml:10:9-14:19
143            android:name="com.google.firebase.components.ComponentDiscoveryService"
143-->[:cloud_firestore] AndroidManifest.xml:10:18-89
144            android:directBootAware="true"
144-->[com.google.firebase:firebase-common:21.0.0] AndroidManifest.xml:32:13-43
145            android:exported="false" >
145-->[com.google.firebase:firebase-crashlytics:19.2.1] AndroidManifest.xml:14:13-37
146            <meta-data
146-->[:cloud_firestore] AndroidManifest.xml:11:13-13:85
147                android:name="com.google.firebase.components:io.flutter.plugins.firebase.firestore.FlutterFirebaseFirestoreRegistrar"
147-->[:cloud_firestore] AndroidManifest.xml:12:17-134
148                android:value="com.google.firebase.components.ComponentRegistrar" />
148-->[:cloud_firestore] AndroidManifest.xml:13:17-82
149            <meta-data
149-->[:firebase_analytics] AndroidManifest.xml:15:13-17:85
150                android:name="com.google.firebase.components:io.flutter.plugins.firebase.analytics.FlutterFirebaseAppRegistrar"
150-->[:firebase_analytics] AndroidManifest.xml:16:17-128
151                android:value="com.google.firebase.components.ComponentRegistrar" />
151-->[:firebase_analytics] AndroidManifest.xml:17:17-82
152            <meta-data
152-->[:firebase_crashlytics] AndroidManifest.xml:11:13-13:85
153                android:name="com.google.firebase.components:io.flutter.plugins.firebase.crashlytics.FlutterFirebaseAppRegistrar"
153-->[:firebase_crashlytics] AndroidManifest.xml:12:17-130
154                android:value="com.google.firebase.components.ComponentRegistrar" />
154-->[:firebase_crashlytics] AndroidManifest.xml:13:17-82
155            <meta-data
155-->[:firebase_messaging] AndroidManifest.xml:38:13-40:85
156                android:name="com.google.firebase.components:io.flutter.plugins.firebase.messaging.FlutterFirebaseAppRegistrar"
156-->[:firebase_messaging] AndroidManifest.xml:39:17-128
157                android:value="com.google.firebase.components.ComponentRegistrar" />
157-->[:firebase_messaging] AndroidManifest.xml:40:17-82
158            <meta-data
158-->[:firebase_core] AndroidManifest.xml:11:13-13:85
159                android:name="com.google.firebase.components:io.flutter.plugins.firebase.core.FlutterFirebaseCoreRegistrar"
159-->[:firebase_core] AndroidManifest.xml:12:17-124
160                android:value="com.google.firebase.components.ComponentRegistrar" />
160-->[:firebase_core] AndroidManifest.xml:13:17-82
161            <meta-data
161-->[com.google.firebase:firebase-crashlytics:19.2.1] AndroidManifest.xml:15:13-17:85
162                android:name="com.google.firebase.components:com.google.firebase.crashlytics.FirebaseCrashlyticsKtxRegistrar"
162-->[com.google.firebase:firebase-crashlytics:19.2.1] AndroidManifest.xml:16:17-126
163                android:value="com.google.firebase.components.ComponentRegistrar" />
163-->[com.google.firebase:firebase-crashlytics:19.2.1] AndroidManifest.xml:17:17-82
164            <meta-data
164-->[com.google.firebase:firebase-crashlytics:19.2.1] AndroidManifest.xml:18:13-20:85
165                android:name="com.google.firebase.components:com.google.firebase.crashlytics.CrashlyticsRegistrar"
165-->[com.google.firebase:firebase-crashlytics:19.2.1] AndroidManifest.xml:19:17-115
166                android:value="com.google.firebase.components.ComponentRegistrar" />
166-->[com.google.firebase:firebase-crashlytics:19.2.1] AndroidManifest.xml:20:17-82
167            <meta-data
167-->[com.google.firebase:firebase-firestore:25.1.1] AndroidManifest.xml:17:13-19:85
168                android:name="com.google.firebase.components:com.google.firebase.firestore.FirebaseFirestoreKtxRegistrar"
168-->[com.google.firebase:firebase-firestore:25.1.1] AndroidManifest.xml:18:17-122
169                android:value="com.google.firebase.components.ComponentRegistrar" />
169-->[com.google.firebase:firebase-firestore:25.1.1] AndroidManifest.xml:19:17-82
170            <meta-data
170-->[com.google.firebase:firebase-firestore:25.1.1] AndroidManifest.xml:20:13-22:85
171                android:name="com.google.firebase.components:com.google.firebase.firestore.FirestoreRegistrar"
171-->[com.google.firebase:firebase-firestore:25.1.1] AndroidManifest.xml:21:17-111
172                android:value="com.google.firebase.components.ComponentRegistrar" />
172-->[com.google.firebase:firebase-firestore:25.1.1] AndroidManifest.xml:22:17-82
173            <meta-data
173-->[com.google.android.gms:play-services-measurement-api:22.1.2] AndroidManifest.xml:37:13-39:85
174                android:name="com.google.firebase.components:com.google.firebase.analytics.connector.internal.AnalyticsConnectorRegistrar"
174-->[com.google.android.gms:play-services-measurement-api:22.1.2] AndroidManifest.xml:38:17-139
175                android:value="com.google.firebase.components.ComponentRegistrar" />
175-->[com.google.android.gms:play-services-measurement-api:22.1.2] AndroidManifest.xml:39:17-82
176            <meta-data
176-->[com.google.firebase:firebase-messaging:24.0.3] AndroidManifest.xml:57:13-59:85
177                android:name="com.google.firebase.components:com.google.firebase.messaging.FirebaseMessagingKtxRegistrar"
177-->[com.google.firebase:firebase-messaging:24.0.3] AndroidManifest.xml:58:17-122
178                android:value="com.google.firebase.components.ComponentRegistrar" />
178-->[com.google.firebase:firebase-messaging:24.0.3] AndroidManifest.xml:59:17-82
179            <meta-data
179-->[com.google.firebase:firebase-messaging:24.0.3] AndroidManifest.xml:60:13-62:85
180                android:name="com.google.firebase.components:com.google.firebase.messaging.FirebaseMessagingRegistrar"
180-->[com.google.firebase:firebase-messaging:24.0.3] AndroidManifest.xml:61:17-119
181                android:value="com.google.firebase.components.ComponentRegistrar" />
181-->[com.google.firebase:firebase-messaging:24.0.3] AndroidManifest.xml:62:17-82
182            <meta-data
182-->[com.google.firebase:firebase-sessions:2.0.6] AndroidManifest.xml:29:13-31:85
183                android:name="com.google.firebase.components:com.google.firebase.sessions.FirebaseSessionsRegistrar"
183-->[com.google.firebase:firebase-sessions:2.0.6] AndroidManifest.xml:30:17-117
184                android:value="com.google.firebase.components.ComponentRegistrar" />
184-->[com.google.firebase:firebase-sessions:2.0.6] AndroidManifest.xml:31:17-82
185            <meta-data
185-->[com.google.firebase:firebase-installations:18.0.0] AndroidManifest.xml:15:13-17:85
186                android:name="com.google.firebase.components:com.google.firebase.installations.FirebaseInstallationsKtxRegistrar"
186-->[com.google.firebase:firebase-installations:18.0.0] AndroidManifest.xml:16:17-130
187                android:value="com.google.firebase.components.ComponentRegistrar" />
187-->[com.google.firebase:firebase-installations:18.0.0] AndroidManifest.xml:17:17-82
188            <meta-data
188-->[com.google.firebase:firebase-installations:18.0.0] AndroidManifest.xml:18:13-20:85
189                android:name="com.google.firebase.components:com.google.firebase.installations.FirebaseInstallationsRegistrar"
189-->[com.google.firebase:firebase-installations:18.0.0] AndroidManifest.xml:19:17-127
190                android:value="com.google.firebase.components.ComponentRegistrar" />
190-->[com.google.firebase:firebase-installations:18.0.0] AndroidManifest.xml:20:17-82
191            <meta-data
191-->[com.google.firebase:firebase-common-ktx:21.0.0] AndroidManifest.xml:12:13-14:85
192                android:name="com.google.firebase.components:com.google.firebase.ktx.FirebaseCommonLegacyRegistrar"
192-->[com.google.firebase:firebase-common-ktx:21.0.0] AndroidManifest.xml:13:17-116
193                android:value="com.google.firebase.components.ComponentRegistrar" />
193-->[com.google.firebase:firebase-common-ktx:21.0.0] AndroidManifest.xml:14:17-82
194            <meta-data
194-->[com.google.firebase:firebase-common:21.0.0] AndroidManifest.xml:35:13-37:85
195                android:name="com.google.firebase.components:com.google.firebase.FirebaseCommonKtxRegistrar"
195-->[com.google.firebase:firebase-common:21.0.0] AndroidManifest.xml:36:17-109
196                android:value="com.google.firebase.components.ComponentRegistrar" />
196-->[com.google.firebase:firebase-common:21.0.0] AndroidManifest.xml:37:17-82
197            <meta-data
197-->[com.google.firebase:firebase-datatransport:19.0.0] AndroidManifest.xml:25:13-27:85
198                android:name="com.google.firebase.components:com.google.firebase.datatransport.TransportRegistrar"
198-->[com.google.firebase:firebase-datatransport:19.0.0] AndroidManifest.xml:26:17-115
199                android:value="com.google.firebase.components.ComponentRegistrar" />
199-->[com.google.firebase:firebase-datatransport:19.0.0] AndroidManifest.xml:27:17-82
200        </service>
201        <service
201-->[:firebase_messaging] AndroidManifest.xml:16:9-19:72
202            android:name="io.flutter.plugins.firebase.messaging.FlutterFirebaseMessagingBackgroundService"
202-->[:firebase_messaging] AndroidManifest.xml:17:13-107
203            android:exported="false"
203-->[:firebase_messaging] AndroidManifest.xml:18:13-37
204            android:permission="android.permission.BIND_JOB_SERVICE" />
204-->[:firebase_messaging] AndroidManifest.xml:19:13-69
205        <service
205-->[:firebase_messaging] AndroidManifest.xml:20:9-26:19
206            android:name="io.flutter.plugins.firebase.messaging.FlutterFirebaseMessagingService"
206-->[:firebase_messaging] AndroidManifest.xml:21:13-97
207            android:exported="false" >
207-->[:firebase_messaging] AndroidManifest.xml:22:13-37
208            <intent-filter>
208-->[:firebase_messaging] AndroidManifest.xml:23:13-25:29
209                <action android:name="com.google.firebase.MESSAGING_EVENT" />
209-->[:firebase_messaging] AndroidManifest.xml:24:17-78
209-->[:firebase_messaging] AndroidManifest.xml:24:25-75
210            </intent-filter>
211        </service>
212
213        <receiver
213-->[:firebase_messaging] AndroidManifest.xml:28:9-35:20
214            android:name="io.flutter.plugins.firebase.messaging.FlutterFirebaseMessagingReceiver"
214-->[:firebase_messaging] AndroidManifest.xml:29:13-98
215            android:exported="true"
215-->[:firebase_messaging] AndroidManifest.xml:30:13-36
216            android:permission="com.google.android.c2dm.permission.SEND" >
216-->[:firebase_messaging] AndroidManifest.xml:31:13-73
217            <intent-filter>
217-->[:firebase_messaging] AndroidManifest.xml:32:13-34:29
218                <action android:name="com.google.android.c2dm.intent.RECEIVE" />
218-->[:firebase_messaging] AndroidManifest.xml:33:17-81
218-->[:firebase_messaging] AndroidManifest.xml:33:25-78
219            </intent-filter>
220        </receiver>
221
222        <provider
222-->[:firebase_messaging] AndroidManifest.xml:43:9-47:38
223            android:name="io.flutter.plugins.firebase.messaging.FlutterFirebaseMessagingInitProvider"
223-->[:firebase_messaging] AndroidManifest.xml:44:13-102
224            android:authorities="com.qilowatt.qilowatt.flutterfirebasemessaginginitprovider"
224-->[:firebase_messaging] AndroidManifest.xml:45:13-88
225            android:exported="false"
225-->[:firebase_messaging] AndroidManifest.xml:46:13-37
226            android:initOrder="99" />
226-->[:firebase_messaging] AndroidManifest.xml:47:13-35
227
228        <activity
228-->[:flutter_inappwebview_android] AndroidManifest.xml:16:9-20:47
229            android:name="com.pichillilorenzo.flutter_inappwebview_android.in_app_browser.InAppBrowserActivity"
229-->[:flutter_inappwebview_android] AndroidManifest.xml:17:13-112
230            android:configChanges="orientation|keyboardHidden|keyboard|screenSize|locale|layoutDirection|fontScale|screenLayout|density"
230-->[:flutter_inappwebview_android] AndroidManifest.xml:18:13-137
231            android:exported="false"
231-->[:flutter_inappwebview_android] AndroidManifest.xml:19:13-37
232            android:theme="@style/AppTheme" />
232-->[:flutter_inappwebview_android] AndroidManifest.xml:20:13-44
233        <activity
233-->[:flutter_inappwebview_android] AndroidManifest.xml:21:9-24:55
234            android:name="com.pichillilorenzo.flutter_inappwebview_android.chrome_custom_tabs.ChromeCustomTabsActivity"
234-->[:flutter_inappwebview_android] AndroidManifest.xml:22:13-120
235            android:exported="false"
235-->[:flutter_inappwebview_android] AndroidManifest.xml:23:13-37
236            android:theme="@style/ThemeTransparent" />
236-->[:flutter_inappwebview_android] AndroidManifest.xml:24:13-52
237        <activity
237-->[:flutter_inappwebview_android] AndroidManifest.xml:25:9-28:55
238            android:name="com.pichillilorenzo.flutter_inappwebview_android.chrome_custom_tabs.TrustedWebActivity"
238-->[:flutter_inappwebview_android] AndroidManifest.xml:26:13-114
239            android:exported="false"
239-->[:flutter_inappwebview_android] AndroidManifest.xml:27:13-37
240            android:theme="@style/ThemeTransparent" />
240-->[:flutter_inappwebview_android] AndroidManifest.xml:28:13-52
241        <activity
241-->[:flutter_inappwebview_android] AndroidManifest.xml:29:9-33:55
242            android:name="com.pichillilorenzo.flutter_inappwebview_android.chrome_custom_tabs.ChromeCustomTabsActivitySingleInstance"
242-->[:flutter_inappwebview_android] AndroidManifest.xml:30:13-134
243            android:exported="false"